<?xml version="1.0" encoding="UTF-8"?>
<!-- Generated by org.testng.reporters.JUnitReportReporter -->
<testsuite hostname="DESKTOP-5IK2IB9" failures="0" tests="4" name="utils.ExcelDataProvider" time="0.013" errors="0" timestamp="2023-11-23T12:53:33 IST" skipped="0">
  <testcase classname="utils.ExcelDataProvider" name="test1" time="0.001"/>
  <testcase classname="utils.ExcelDataProvider" name="test1" time="0.002"/>
  <testcase classname="utils.ExcelDataProvider" name="test1" time="0.002"/>
  <testcase classname="utils.ExcelDataProvider" name="test1" time="0.008"/>
</testsuite> <!-- utils.ExcelDataProvider -->
